<?xml version="1.0" encoding="UTF-8"?>
<!-- Generated by org.testng.reporters.JUnitReportReporter -->
<testsuite skipped="0" hostname="SJAIN10" name="com.org.learningMaven.myFirstStepDefinition" tests="1" failures="0" timestamp="05 Sep 2019 12:21:02 GMT" time="15.805" errors="0">
  <testcase name="feature" time="15.805" classname="com.org.learningMaven.myFirstStepDefinition"/>
</testsuite> <!-- com.org.learningMaven.myFirstStepDefinition -->
