<?xml version="1.0" encoding="UTF-8"?>
<!-- Generated by org.testng.reporters.JUnitReportReporter -->
<testsuite hostname="SJAIN08" name="com.org.learningMaven.HelloWorldTest" tests="1" failures="0" timestamp="28 Dec 2016 14:43:57 GMT" time="9.567" errors="0">
  <testcase name="TestMethodSample" time="9.567" classname="com.org.learningMaven.HelloWorldTest"/>
</testsuite> <!-- com.org.learningMaven.HelloWorldTest -->
