<?xml version="1.0" encoding="UTF-8"?>
<!-- Generated by org.testng.reporters.JUnitReportReporter -->
<testsuite hostname="SJAIN10" name="com.org.learningMaven.myFirstStepDefinition" tests="1" failures="0" timestamp="5 Sep 2019 12:21:30 GMT" time="13.957" errors="0">
  <testcase name="feature" time="13.957" classname="com.org.learningMaven.myFirstStepDefinition"/>
</testsuite> <!-- com.org.learningMaven.myFirstStepDefinition -->
